2019-11-02T01:53:03.333Z [Auth] info: [object Object]
2019-11-02T02:02:38.988Z [Auth] info: Login :super admin : superadmin@gmail.com
2019-11-02T02:02:57.265Z [Auth] info: Login :super admin : superadmin@gmail.com
2019-11-02T02:05:29.179Z [Auth] info: Login :admin : admin@gmail.com
2019-11-02T08:02:11.984Z [Auth] info: Login :super admin : superadmin@gmail.com
2019-11-02T08:02:48.679Z [Auth] info: Login :super admin : superadmin@gmail.com
2019-11-03T06:30:29.805Z [Auth] info: Login :super admin : superadmin@gmail.com
2019-11-03T12:46:48.443Z [Auth] info: Login :super admin : superadmin@gmail.com
2019-11-03T12:59:23.886Z [Auth] info: Login :Nguyễn Văn B : nvb@gmail.com
2019-11-03T13:01:05.120Z [Auth] info: Login :super admin : superadmin@gmail.com
2019-11-03T13:43:23.725Z [Auth] info: Login :Nguyễn Văn B : nvb@gmail.com
2019-11-03T13:44:22.879Z [Auth] info: Login :super admin : superadmin@gmail.com
2019-11-04T07:36:14.084Z [Auth] info: Login :super admin : superadmin@gmail.com
2019-11-05T13:18:59.984Z [Auth] info: Login :super admin : superadmin@gmail.com
2019-11-06T01:21:42.489Z [Auth] info: Login :super admin : superadmin@gmail.com
2019-11-07T09:46:28.452Z [Auth] info: Login :super admin : superadmin@gmail.com
2019-11-08T00:31:34.218Z [Auth] info: Login :super admin : superadmin@gmail.com
2019-11-08T07:40:17.926Z [Auth] info: Login :Nguyen Viet Thai : nguyenvietthai1351997@gmail.com
2019-11-08T14:51:22.677Z [Auth] error: Login Error
2019-11-08T14:51:40.985Z [Auth] error: Login Error
2019-11-08T14:53:40.990Z [Auth] error: Login Error
2019-11-08T15:03:21.307Z [Auth] info: Login :Nguyen Viet Thai : nguyenvietthai1351997@gmail.com
2019-11-08T15:15:27.480Z [Auth] info: Login :Nguyen Viet Thai : nguyenvietthai1351997@gmail.com
2019-11-09T02:10:33.971Z [Auth] error: Login Error
2019-11-09T02:11:17.724Z [Auth] info: Login :Nguyen Viet Thai : nguyenvietthai1351997@gmail.com
2019-11-09T08:20:32.614Z [Auth] info: Login :Nguyễn Văn Anh : nva@gmail.com
2019-11-09T08:23:43.881Z [Auth] info: Login :Nguyen Viet Thai : nguyenvietthai1351997@gmail.com
2019-11-09T09:06:51.666Z [Auth] info: Login :Nguyen Viet Thai : nguyenvietthai1351997@gmail.com
2019-11-09T13:10:50.926Z [Auth] info: Login :Nguyen Viet Thai : nguyenvietthai1351997@gmail.com
2019-11-09T13:17:27.892Z [Auth] info: Login :Nguyen Viet Thai : nguyenvietthai1351997@gmail.com
2019-11-11T03:20:23.184Z [Auth] info: Login :System Admin User : systemAdmin@gmail.com
2019-11-11T04:51:06.473Z [Auth] info: Login :System Admin User : systemAdmin@gmail.com
2019-11-11T04:55:47.987Z [Auth] info: Login :System Admin User : systemAdmin@gmail.com
2019-11-11T04:57:19.265Z [Auth] info: Login :System Admin User : systemAdmin@gmail.com
2019-11-11T04:57:25.850Z [Auth] info: Login :System Admin User : systemAdmin@gmail.com
2019-11-11T05:00:35.407Z [Auth] info: Login :System Admin User : systemAdmin@gmail.com
2019-11-11T13:17:01.705Z [Auth] info: Login :Thai Nguyen Viet : nguyenvietthai1351997@gmail.com
2019-11-11T13:18:36.553Z [Auth] info: Login :Thai Nguyen Viet : nguyenvietthai1351997@gmail.com
2019-11-11T13:18:36.555Z [Auth] error: Login Error
2019-11-11T13:19:05.421Z [Auth] info: Login :Thai Nguyen Viet : nguyenvietthai1351997@gmail.com
2019-11-11T13:19:05.424Z [Auth] error: Login Error
2019-11-11T13:19:27.075Z [Auth] info: Login :Thai Nguyen Viet : nguyenvietthai1351997@gmail.com
2019-11-11T13:19:40.238Z [Auth] info: Login :System Admin User : systemAdmin@gmail.com
2019-11-11T13:21:46.450Z [Auth] info: Login :Thai Nguyen Viet : nguyenvietthai1351997@gmail.com
2019-11-11T13:21:46.453Z [Auth] error: Login Error
